
=== DEBUG EXTENSION API [2025-08-18 12:32:43] ===
Version data: {
    "updateAvailable": false
}
========================

=== DEBUG EXTENSION API [2025-08-18 12:34:25] ===
Version data: false
========================

=== DEBUG EXTENSION API [2025-08-18 12:35:15] ===
Version data: false
Shopware version: 6.7.1.2
========================

=== DEBUG EXTENSION API [2025-08-18 12:38:10] ===
Version data: false
Shopware version: 6.7.1.2
========================

=== DEBUG EXTENSION API [2025-08-18 12:39:49] ===
Error the status code is: 200
Error the content is: {"app_version":"1.2.5","app_download_url":"https:\/\/reqser.com\/download\/reqser_shopware_app","plugin_version":"1.3.10","plugin_download_url":"https:\/\/reqser.com\/download\/reqser_shopware_plugin\/6.7.1.2"}
Version data: false
Shopware version: 6.7.1.2
========================

=== DEBUG EXTENSION API [2025-08-18 12:41:46] ===
Version data: {
    "app_version": "1.2.5",
    "app_download_url": "https:\/\/reqser.com\/download\/reqser_shopware_app",
    "plugin_version": "1.3.10",
    "plugin_download_url": "https:\/\/reqser.com\/download\/reqser_shopware_plugin\/6.7.1.2"
}
Shopware version: 6.7.1.2
========================

=== DEBUG EXTENSION API [2025-08-18 12:46:10] ===
