[2025-08-20 16:03:48] [Line:45] === EXTENSION LISTING LOADED EVENT ===
[2025-08-20 16:03:48] [Line:122] Cached successfully retrieved data: {
    "content": "{\"app_version\":\"1.2.5\",\"app_download_url\":\"https:\\\/\\\/reqser.com\\\/download\\\/reqser_shopware_app\",\"plugin_version\":\"1.3.10\",\"plugin_download_url\":\"https:\\\/\\\/reqser.com\\\/download\\\/reqser_shopware_plugin\\\/6.7.1.2\"}",
    "status_code": 200,
    "cached_at": "2025-08-20 09:33:28"
}
[2025-08-20 16:03:48] [Line:49] Version data: {
    "app_version": "1.2.5",
    "app_download_url": "https:\/\/reqser.com\/download\/reqser_shopware_app",
    "plugin_version": "1.3.10",
    "plugin_download_url": "https:\/\/reqser.com\/download\/reqser_shopware_plugin\/6.7.1.2"
}
[2025-08-20 16:03:48] [Line:62] Found ReqserPlugin in extension collection
[2025-08-20 16:03:48] [Line:66] Extension version: 1.1.0
[2025-08-20 16:03:48] [Line:73] UpdateAvailable not set or false, checking if update is necessary
[2025-08-20 16:03:48] [Line:77] Update is necessary
[2025-08-20 16:04:50] [Line:45] === EXTENSION LISTING LOADED EVENT ===
[2025-08-20 16:04:50] [Line:153] Cached successfully retrieved data: {
    "content": "{\"app_version\":\"1.2.5\",\"app_download_url\":\"https:\\\/\\\/reqser.com\\\/download\\\/reqser_shopware_app\",\"plugin_version\":\"1.3.10\",\"plugin_download_url\":\"https:\\\/\\\/reqser.com\\\/download\\\/reqser_shopware_plugin\\\/6.7.1.2\"}",
    "status_code": 200,
    "cached_at": "2025-08-20 09:33:28"
}
[2025-08-20 16:04:50] [Line:49] Version data: {
    "app_version": "1.2.5",
    "app_download_url": "https:\/\/reqser.com\/download\/reqser_shopware_app",
    "plugin_version": "1.3.10",
    "plugin_download_url": "https:\/\/reqser.com\/download\/reqser_shopware_plugin\/6.7.1.2"
}
[2025-08-20 16:04:50] [Line:62] Found ReqserPlugin in extension collection
[2025-08-20 16:04:50] [Line:66] Extension version: 1.1.0
[2025-08-20 16:04:50] [Line:73] UpdateAvailable not set or false, checking if update is necessary
[2025-08-20 16:04:50] [Line:77] Update is necessary
[2025-08-20 16:05:05] [Line:88] Extension data modified with update info
[2025-08-20 16:05:05] [Line:100] Extension collection was modified
[2025-08-20 16:05:05] [Line:88] Extension data modified with update info
[2025-08-20 16:05:05] [Line:100] Extension collection was modified
